<?xml version="1.0" encoding="UTF-8"?>
<!-- Generated by org.testng.reporters.JUnitReportReporter -->
<testsuite skipped="0" hostname="AjithL" name="image.Image" tests="1" failures="0" timestamp="2021-07-12T10:15:58 IST" time="7.845" errors="0">
  <testcase name="img" time="7.845" classname="image.Image"/>
</testsuite> <!-- image.Image -->
