<?xml version="1.0" encoding="UTF-8"?>
<!-- Generated by org.testng.reporters.JUnitReportReporter -->
<testsuite skipped="0" hostname="AjithL" name="dropdown.DropDown" tests="1" failures="0" timestamp="2021-07-12T14:35:11 IST" time="1.890" errors="0">
  <testcase name="Drop" time="1.890" classname="dropdown.DropDown"/>
</testsuite> <!-- dropdown.DropDown -->
