<?xml version="1.0" encoding="UTF-8"?>
<!-- Generated by org.testng.reporters.JUnitReportReporter -->
<testsuite skipped="0" hostname="AjithL" name="button.Button" tests="1" failures="0" timestamp="2021-07-05T17:59:25 IST" time="13.856" errors="0">
  <testcase name="btn" time="13.856" classname="button.Button"/>
</testsuite> <!-- button.Button -->
